Build started 08.04.2016 9:26:43.
     1>Project "C:\Users\kiparenko.i\Documents\Visual Studio 2010\Projects\HashTable\HashTable\HashTable.vcxproj" on node 2 (build target(s)).
     1>InitializeBuildStatus:
         Touching "Debug\HashTable.unsuccessfulbuild".
       ClCompile:
         c:\Program Files (x86)\Microsoft Visual Studio 10.0\VC\bin\CL.exe /c /ZI /nologo /W3 /WX- /Od /Oy- /D WIN32 /D _DEBUG /D _CONSOLE /D _UNICODE /D UNICODE /Gm /EHsc /RTC1 /MDd /GS /fp:precise /Zc:wchar_t /Zc:forScope /Fo"Debug\\" /Fd"Debug\vc100.pdb" /Gd /TP /analyze- /errorReport:prompt HRecord.cpp HashTable.cpp
         HashTable.cpp
     1>c:\users\kiparenko.i\documents\visual studio 2010\projects\hashtable\hashtable\hashtable.cpp(5): error C2955: 'HashTable' : use of class template requires template argument list
                 c:\users\kiparenko.i\documents\visual studio 2010\projects\hashtable\hashtable\hashtable.h(9) : see declaration of 'HashTable'
     1>c:\users\kiparenko.i\documents\visual studio 2010\projects\hashtable\hashtable\hashtable.cpp(9): error C2244: 'HashTable<Key,Data>::HashTable' : unable to match function definition to an existing declaration
                 c:\users\kiparenko.i\documents\visual studio 2010\projects\hashtable\hashtable\hashtable.h(14) : see declaration of 'HashTable<Key,Data>::HashTable'
                 definition
                 'HashTable::HashTable(int)'
                 existing declarations
                 'HashTable<Key,Data>::HashTable(int,int)'
     1>c:\users\kiparenko.i\documents\visual studio 2010\projects\hashtable\hashtable\hashtable.cpp(25): error C2244: 'HashTable<Key,Data>::add' : unable to match function definition to an existing declaration
                 definition
                 'void HashTable::add(Key,Data &)'
                 existing declarations
                 'void HashTable<Key,Data>::add(HRecord<Key,Data> &)'
                 'void HashTable<Key,Data>::add(Key,Data &)'
     1>c:\users\kiparenko.i\documents\visual studio 2010\projects\hashtable\hashtable\hashtable.cpp(41): error C2244: 'HashTable<Key,Data>::del' : unable to match function definition to an existing declaration
                 c:\users\kiparenko.i\documents\visual studio 2010\projects\hashtable\hashtable\hashtable.h(17) : see declaration of 'HashTable<Key,Data>::del'
                 definition
                 'void HashTable::del(Key)'
                 existing declarations
                 'void HashTable<Key,Data>::del(Key)'
     1>c:\users\kiparenko.i\documents\visual studio 2010\projects\hashtable\hashtable\hashtable.cpp(51): error C2244: 'HashTable<Key,Data>::print' : unable to match function definition to an existing declaration
                 c:\users\kiparenko.i\documents\visual studio 2010\projects\hashtable\hashtable\hashtable.h(18) : see declaration of 'HashTable<Key,Data>::print'
                 definition
                 'void HashTable::print(std::ostream &)'
                 existing declarations
                 'void HashTable<Key,Data>::print(std::ostream &)'
     1>c:\users\kiparenko.i\documents\visual studio 2010\projects\hashtable\hashtable\hashtable.cpp(55): error C2244: 'HashTable<Key,Data>::~HashTable' : unable to match function definition to an existing declaration
                 c:\users\kiparenko.i\documents\visual studio 2010\projects\hashtable\hashtable\hashtable.h(19) : see declaration of 'HashTable<Key,Data>::~HashTable'
                 definition
                 'HashTable::~HashTable(void)'
                 existing declarations
                 'HashTable<Key,Data>::~HashTable(void)'
         HRecord.cpp
     1>c:\users\kiparenko.i\documents\visual studio 2010\projects\hashtable\hashtable\hrecord.cpp(4): error C2955: 'HRecord' : use of class template requires template argument list
                 c:\users\kiparenko.i\documents\visual studio 2010\projects\hashtable\hashtable\hrecord.h(4) : see declaration of 'HRecord'
     1>c:\users\kiparenko.i\documents\visual studio 2010\projects\hashtable\hashtable\hrecord.cpp(4): error C2244: 'HRecord<Key,Data>::{ctor}' : unable to match function definition to an existing declaration
                 definition
                 'HRecord::HRecord(Key,Data &)'
                 existing declarations
                 'HRecord<Key,Data>::HRecord(const HRecord<Key,Data> &)'
                 'HRecord<Key,Data>::HRecord(Key,Data &)'
     1>c:\users\kiparenko.i\documents\visual studio 2010\projects\hashtable\hashtable\hrecord.cpp(10): error C2244: 'HRecord<Key,Data>::{ctor}' : unable to match function definition to an existing declaration
                 definition
                 'HRecord::HRecord(const HRecord<Key,Data> &)'
                 existing declarations
                 'HRecord<Key,Data>::HRecord(const HRecord<Key,Data> &)'
                 'HRecord<Key,Data>::HRecord(Key,Data &)'
     1>c:\users\kiparenko.i\documents\visual studio 2010\projects\hashtable\hashtable\hrecord.cpp(13): error C2244: 'HRecord<Key,Data>::~HRecord' : unable to match function definition to an existing declaration
                 c:\users\kiparenko.i\documents\visual studio 2010\projects\hashtable\hashtable\hrecord.h(10) : see declaration of 'HRecord<Key,Data>::~HRecord'
                 definition
                 'HRecord::~HRecord(void)'
                 existing declarations
                 'HRecord<Key,Data>::~HRecord(void)'
         Generating Code...
     1>Done Building Project "C:\Users\kiparenko.i\Documents\Visual Studio 2010\Projects\HashTable\HashTable\HashTable.vcxproj" (build target(s)) -- FAILED.

Build FAILED.

Time Elapsed 00:00:00.54
